<?xml version="1.0" encoding="UTF-8"?>
<!-- Generated by org.testng.reporters.JUnitXMLReporter -->
<testsuite ignored="0" hostname="LAPTOP-45NSA3K4" failures="0" tests="3" name="Default test" time="19.1" errors="0" timestamp="17 Nov 2024 11:13:43 GMT">
  <testcase classname="E2EPractiseProject.StandAloneTest" name="submitOrder" time="6.412"/>
  <testcase classname="E2EPractiseProject.StandAloneTest" name="submitOrder" time="6.265"/>
  <testcase classname="E2EPractiseProject.StandAloneTest" name="orderHistoryTest" time="0.863"/>
</testsuite> <!-- Default test -->
