<?xml version="1.0" encoding="UTF-8"?>
<!-- Generated by org.testng.reporters.JUnitXMLReporter -->
<testsuite ignored="0" hostname="LAPTOP-45NSA3K4" failures="1" tests="3" name="ErrorValidation" time="30.667" errors="0" timestamp="17 Nov 2024 16:59:00 GMT">
  <testcase classname="E2EPractiseProject.ErrorValidation" name="loginErrorValidation" time="9.204">
    <skipped/>
  </testcase> <!-- loginErrorValidation -->
  <testcase classname="E2EPractiseProject.ErrorValidation" name="loginErrorValidation" time="1.914">
    <failure type="java.lang.AssertionError" message="expected [Incorrect email or password.] but found [Incorrect email password.]">
      <![CDATA[java.lang.AssertionError: expected [Incorrect email or password.] but found [Incorrect email password.]
at E2EPractiseProject.ErrorValidation.loginErrorValidation(ErrorValidation.java:23)
at java.base/java.util.concurrent.FutureTask.run(FutureTask.java:264)
at java.base/java.util.concurrent.ThreadPoolExecutor.runWorker(ThreadPoolExecutor.java:1136)
at java.base/java.util.concurrent.ThreadPoolExecutor$Worker.run(ThreadPoolExecutor.java:635)
at java.base/java.lang.Thread.run(Thread.java:840)
... Removed 22 stack frames]]>
    </failure>
  </testcase> <!-- loginErrorValidation -->
  <testcase classname="E2EPractiseProject.ErrorValidation" name="prodErrValidation" time="2.531"/>
</testsuite> <!-- ErrorValidation -->
