<?xml version="1.0" encoding="UTF-8"?>
<testng-results ignored="0" total="0" passed="0" failed="0" skipped="0">
  <reporter-output>
  </reporter-output>
  <suite started-at="2024-11-17T17:03:02Z" name="Suite" finished-at="2024-11-17T17:03:02Z" duration-ms="0">
    <groups>
      <group name="ErrorHandling">
        <method signature="ErrorValidation.loginErrorValidation()[pri:0, instance:E2EPractiseProject.ErrorValidation@12f9af83]" name="loginErrorValidation" class="E2EPractiseProject.ErrorValidation"/>
      </group> <!-- ErrorHandling -->
      <group name="purchaseorder">
        <method signature="StandAloneTest.submitOrder(java.util.HashMap)[pri:0, instance:E2EPractiseProject.StandAloneTest@7ca20101]" name="submitOrder" class="E2EPractiseProject.StandAloneTest"/>
      </group> <!-- purchaseorder -->
    </groups>
  </suite> <!-- Suite -->
</testng-results>
